<?xml version="1.0" encoding="UTF-8"?>
<coverage generated="1725607881214" clover="3.2.0">
  <project timestamp="1725607881214" name="All files">
    <metrics statements="130" coveredstatements="50" conditionals="39" coveredconditionals="6" methods="18" coveredmethods="6" elements="187" coveredelements="62" complexity="0" loc="130" ncloc="130" packages="1" files="3" classes="3"/>
    <file name="app.ts" path="D:\Code\quantashift\trendpulse-ai\server\src\app.ts">
      <metrics statements="112" coveredstatements="38" conditionals="37" coveredconditionals="5" methods="16" coveredmethods="6"/>
      <line num="1" count="1" type="stmt"/>
      <line num="2" count="1" type="stmt"/>
      <line num="3" count="1" type="stmt"/>
      <line num="4" count="1" type="stmt"/>
      <line num="5" count="1" type="stmt"/>
      <line num="7" count="1" type="stmt"/>
      <line num="9" count="1" type="stmt"/>
      <line num="15" count="1" type="stmt"/>
      <line num="27" count="1" type="stmt"/>
      <line num="31" count="5" type="stmt"/>
      <line num="32" count="5" type="cond" truecount="1" falsecount="0"/>
      <line num="33" count="2" type="stmt"/>
      <line num="34" count="2" type="stmt"/>
      <line num="37" count="3" type="cond" truecount="1" falsecount="1"/>
      <line num="41" count="3" type="stmt"/>
      <line num="42" count="3" type="stmt"/>
      <line num="43" count="2" type="stmt"/>
      <line num="45" count="1" type="stmt"/>
      <line num="46" count="1" type="stmt"/>
      <line num="59" count="1" type="stmt"/>
      <line num="62" count="1" type="stmt"/>
      <line num="63" count="1" type="cond" truecount="3" falsecount="1"/>
      <line num="65" count="1" type="cond" truecount="0" falsecount="1"/>
      <line num="66" count="0" type="stmt"/>
      <line num="69" count="1" type="stmt"/>
      <line num="71" count="1" type="stmt"/>
      <line num="77" count="1" type="stmt"/>
      <line num="82" count="1" type="cond" truecount="0" falsecount="1"/>
      <line num="84" count="0" type="stmt"/>
      <line num="86" count="0" type="stmt"/>
      <line num="90" count="0" type="stmt"/>
      <line num="95" count="1" type="stmt"/>
      <line num="96" count="2" type="stmt"/>
      <line num="97" count="2" type="stmt"/>
      <line num="104" count="1" type="stmt"/>
      <line num="106" count="0" type="stmt"/>
      <line num="107" count="0" type="stmt"/>
      <line num="121" count="1" type="stmt"/>
      <line num="124" count="0" type="stmt"/>
      <line num="125" count="0" type="cond" truecount="0" falsecount="4"/>
      <line num="127" count="0" type="cond" truecount="0" falsecount="1"/>
      <line num="128" count="0" type="stmt"/>
      <line num="131" count="0" type="stmt"/>
      <line num="133" count="0" type="stmt"/>
      <line num="135" count="0" type="stmt"/>
      <line num="143" count="0" type="stmt"/>
      <line num="145" count="0" type="stmt"/>
      <line num="146" count="0" type="stmt"/>
      <line num="161" count="1" type="stmt"/>
      <line num="164" count="0" type="stmt"/>
      <line num="165" count="0" type="cond" truecount="0" falsecount="4"/>
      <line num="166" count="0" type="stmt"/>
      <line num="168" count="0" type="cond" truecount="0" falsecount="1"/>
      <line num="169" count="0" type="stmt"/>
      <line num="172" count="0" type="cond" truecount="0" falsecount="1"/>
      <line num="173" count="0" type="stmt"/>
      <line num="176" count="0" type="stmt"/>
      <line num="178" count="0" type="stmt"/>
      <line num="184" count="0" type="stmt"/>
      <line num="185" count="0" type="stmt"/>
      <line num="187" count="0" type="stmt"/>
      <line num="188" count="0" type="stmt"/>
      <line num="203" count="1" type="stmt"/>
      <line num="206" count="0" type="stmt"/>
      <line num="207" count="0" type="cond" truecount="0" falsecount="4"/>
      <line num="208" count="0" type="stmt"/>
      <line num="210" count="0" type="cond" truecount="0" falsecount="1"/>
      <line num="211" count="0" type="stmt"/>
      <line num="214" count="0" type="cond" truecount="0" falsecount="1"/>
      <line num="215" count="0" type="stmt"/>
      <line num="218" count="0" type="stmt"/>
      <line num="220" count="0" type="stmt"/>
      <line num="228" count="0" type="stmt"/>
      <line num="229" count="0" type="stmt"/>
      <line num="230" count="0" type="stmt"/>
      <line num="231" count="0" type="stmt"/>
      <line num="238" count="0" type="stmt"/>
      <line num="240" count="0" type="stmt"/>
      <line num="241" count="0" type="stmt"/>
      <line num="258" count="1" type="stmt"/>
      <line num="261" count="0" type="stmt"/>
      <line num="262" count="0" type="stmt"/>
      <line num="263" count="0" type="cond" truecount="0" falsecount="4"/>
      <line num="264" count="0" type="stmt"/>
      <line num="266" count="0" type="cond" truecount="0" falsecount="1"/>
      <line num="267" count="0" type="stmt"/>
      <line num="271" count="0" type="cond" truecount="0" falsecount="1"/>
      <line num="272" count="0" type="stmt"/>
      <line num="275" count="0" type="stmt"/>
      <line num="281" count="0" type="stmt"/>
      <line num="286" count="0" type="stmt"/>
      <line num="293" count="0" type="stmt"/>
      <line num="296" count="0" type="cond" truecount="0" falsecount="5"/>
      <line num="297" count="0" type="stmt"/>
      <line num="308" count="0" type="stmt"/>
      <line num="315" count="0" type="stmt"/>
      <line num="316" count="0" type="stmt"/>
      <line num="320" count="0" type="stmt"/>
      <line num="323" count="0" type="stmt"/>
      <line num="328" count="0" type="stmt"/>
      <line num="329" count="0" type="stmt"/>
      <line num="330" count="0" type="stmt"/>
      <line num="337" count="0" type="stmt"/>
      <line num="344" count="0" type="stmt"/>
      <line num="350" count="0" type="stmt"/>
      <line num="357" count="0" type="stmt"/>
      <line num="358" count="0" type="stmt"/>
      <line num="360" count="0" type="stmt"/>
      <line num="361" count="0" type="stmt"/>
      <line num="373" count="1" type="stmt"/>
      <line num="377" count="1" type="stmt"/>
      <line num="381" count="1" type="stmt"/>
    </file>
    <file name="chatgpt.ts" path="D:\Code\quantashift\trendpulse-ai\server\src\chatgpt.ts">
      <metrics statements="12" coveredstatements="6" conditionals="2" coveredconditionals="1" methods="2" coveredmethods="0"/>
      <line num="1" count="1" type="stmt"/>
      <line num="2" count="1" type="stmt"/>
      <line num="7" count="1" type="stmt"/>
      <line num="9" count="1" type="stmt"/>
      <line num="14" count="1" type="stmt"/>
      <line num="16" count="0" type="stmt"/>
      <line num="17" count="0" type="stmt"/>
      <line num="18" count="0" type="stmt"/>
      <line num="22" count="0" type="stmt"/>
      <line num="24" count="0" type="stmt"/>
      <line num="25" count="0" type="stmt"/>
      <line num="29" count="1" type="stmt"/>
    </file>
    <file name="firebase.ts" path="D:\Code\quantashift\trendpulse-ai\server\src\firebase.ts">
      <metrics statements="6" coveredstatements="6" conditionals="0" coveredconditionals="0" methods="0" coveredmethods="0"/>
      <line num="1" count="1" type="stmt"/>
      <line num="2" count="1" type="stmt"/>
      <line num="4" count="1" type="stmt"/>
      <line num="6" count="1" type="stmt"/>
      <line num="10" count="1" type="stmt"/>
      <line num="12" count="1" type="stmt"/>
    </file>
  </project>
</coverage>
