{"D:\\Code\\quantashift\\trendpulse-ai\\server\\src\\app.ts": {"path":"D:\\Code\\quantashift\\trendpulse-ai\\server\\src\\app.ts","statementMap":{"0":{"start":{"line":1,"column":0},"end":{"line":1,"column":67}},"1":{"start":{"line":2,"column":0},"end":{"line":2,"column":46}},"2":{"start":{"line":3,"column":0},"end":{"line":3,"column":24}},"3":{"start":{"line":4,"column":0},"end":{"line":4,"column":36}},"4":{"start":{"line":5,"column":0},"end":{"line":5,"column":47}},"5":{"start":{"line":7,"column":12},"end":{"line":7,"column":21}},"6":{"start":{"line":9,"column":0},"end":{"line":13,"column":2}},"7":{"start":{"line":15,"column":0},"end":{"line":15,"column":24}},"8":{"start":{"line":27,"column":24},"end":{"line":48,"column":2}},"9":{"start":{"line":31,"column":4},"end":{"line":48,"column":2}},"10":{"start":{"line":32,"column":2},"end":{"line":35,"column":3}},"11":{"start":{"line":33,"column":4},"end":{"line":33,"column":36}},"12":{"start":{"line":34,"column":4},"end":{"line":34,"column":61}},"13":{"start":{"line":37,"column":16},"end":{"line":39,"column":31}},"14":{"start":{"line":41,"column":2},"end":{"line":47,"column":3}},"15":{"start":{"line":42,"column":4},"end":{"line":42,"column":55}},"16":{"start":{"line":43,"column":4},"end":{"line":43,"column":11}},"17":{"start":{"line":45,"column":4},"end":{"line":45,"column":51}},"18":{"start":{"line":46,"column":4},"end":{"line":46,"column":52}},"19":{"start":{"line":59,"column":0},"end":{"line":110,"column":2}},"20":{"start":{"line":62,"column":53},"end":{"line":109,"column":null}},"21":{"start":{"line":63,"column":19},"end":{"line":63,"column":32}},"22":{"start":{"line":65,"column":4},"end":{"line":67,"column":5}},"23":{"start":{"line":66,"column":6},"end":{"line":66,"column":64}},"24":{"start":{"line":69,"column":4},"end":{"line":108,"column":5}},"25":{"start":{"line":71,"column":31},"end":{"line":74,"column":36}},"26":{"start":{"line":77,"column":29},"end":{"line":79,"column":14}},"27":{"start":{"line":82,"column":6},"end":{"line":93,"column":7}},"28":{"start":{"line":84,"column":31},"end":{"line":84,"column":39}},"29":{"start":{"line":86,"column":8},"end":{"line":88,"column":78}},"30":{"start":{"line":90,"column":8},"end":{"line":92,"column":17}},"31":{"start":{"line":95,"column":28},"end":{"line":101,"column":8}},"32":{"start":{"line":96,"column":21},"end":{"line":96,"column":31}},"33":{"start":{"line":97,"column":8},"end":{"line":100,"column":10}},"34":{"start":{"line":104,"column":6},"end":{"line":104,"column":30}},"35":{"start":{"line":106,"column":6},"end":{"line":106,"column":59}},"36":{"start":{"line":107,"column":6},"end":{"line":107,"column":69}},"37":{"start":{"line":121,"column":0},"end":{"line":149,"column":2}},"38":{"start":{"line":124,"column":53},"end":{"line":148,"column":null}},"39":{"start":{"line":125,"column":19},"end":{"line":125,"column":32}},"40":{"start":{"line":127,"column":4},"end":{"line":129,"column":5}},"41":{"start":{"line":128,"column":6},"end":{"line":128,"column":64}},"42":{"start":{"line":131,"column":4},"end":{"line":147,"column":5}},"43":{"start":{"line":133,"column":29},"end":{"line":133,"column":37}},"44":{"start":{"line":135,"column":6},"end":{"line":140,"column":76}},"45":{"start":{"line":143,"column":6},"end":{"line":143,"column":58}},"46":{"start":{"line":145,"column":6},"end":{"line":145,"column":59}},"47":{"start":{"line":146,"column":6},"end":{"line":146,"column":71}},"48":{"start":{"line":161,"column":0},"end":{"line":191,"column":2}},"49":{"start":{"line":164,"column":53},"end":{"line":190,"column":null}},"50":{"start":{"line":165,"column":19},"end":{"line":165,"column":32}},"51":{"start":{"line":166,"column":31},"end":{"line":166,"column":41}},"52":{"start":{"line":168,"column":4},"end":{"line":170,"column":5}},"53":{"start":{"line":169,"column":6},"end":{"line":169,"column":64}},"54":{"start":{"line":172,"column":4},"end":{"line":174,"column":5}},"55":{"start":{"line":173,"column":6},"end":{"line":173,"column":72}},"56":{"start":{"line":176,"column":4},"end":{"line":189,"column":5}},"57":{"start":{"line":178,"column":31},"end":{"line":181,"column":36}},"58":{"start":{"line":184,"column":6},"end":{"line":184,"column":58}},"59":{"start":{"line":185,"column":6},"end":{"line":185,"column":28}},"60":{"start":{"line":187,"column":6},"end":{"line":187,"column":59}},"61":{"start":{"line":188,"column":6},"end":{"line":188,"column":71}},"62":{"start":{"line":203,"column":0},"end":{"line":244,"column":2}},"63":{"start":{"line":206,"column":53},"end":{"line":243,"column":null}},"64":{"start":{"line":207,"column":19},"end":{"line":207,"column":32}},"65":{"start":{"line":208,"column":31},"end":{"line":208,"column":41}},"66":{"start":{"line":210,"column":4},"end":{"line":212,"column":5}},"67":{"start":{"line":211,"column":6},"end":{"line":211,"column":64}},"68":{"start":{"line":214,"column":4},"end":{"line":216,"column":5}},"69":{"start":{"line":215,"column":6},"end":{"line":215,"column":72}},"70":{"start":{"line":218,"column":4},"end":{"line":242,"column":5}},"71":{"start":{"line":220,"column":26},"end":{"line":225,"column":31}},"72":{"start":{"line":228,"column":23},"end":{"line":228,"column":67}},"73":{"start":{"line":229,"column":23},"end":{"line":235,"column":8}},"74":{"start":{"line":230,"column":21},"end":{"line":230,"column":31}},"75":{"start":{"line":231,"column":8},"end":{"line":234,"column":10}},"76":{"start":{"line":238,"column":6},"end":{"line":238,"column":25}},"77":{"start":{"line":240,"column":6},"end":{"line":240,"column":55}},"78":{"start":{"line":241,"column":6},"end":{"line":241,"column":63}},"79":{"start":{"line":258,"column":0},"end":{"line":364,"column":2}},"80":{"start":{"line":261,"column":53},"end":{"line":363,"column":null}},"81":{"start":{"line":262,"column":24},"end":{"line":262,"column":32}},"82":{"start":{"line":263,"column":19},"end":{"line":263,"column":32}},"83":{"start":{"line":264,"column":31},"end":{"line":264,"column":41}},"84":{"start":{"line":266,"column":4},"end":{"line":268,"column":5}},"85":{"start":{"line":267,"column":6},"end":{"line":267,"column":64}},"86":{"start":{"line":271,"column":4},"end":{"line":273,"column":5}},"87":{"start":{"line":272,"column":6},"end":{"line":272,"column":64}},"88":{"start":{"line":275,"column":4},"end":{"line":362,"column":5}},"89":{"start":{"line":281,"column":10},"end":{"line":283,"column":8}},"90":{"start":{"line":286,"column":31},"end":{"line":290,"column":28}},"91":{"start":{"line":293,"column":31},"end":{"line":293,"column":59}},"92":{"start":{"line":296,"column":6},"end":{"line":317,"column":7}},"93":{"start":{"line":297,"column":25},"end":{"line":306,"column":10}},"94":{"start":{"line":308,"column":8},"end":{"line":313,"column":10}},"95":{"start":{"line":315,"column":8},"end":{"line":315,"column":34}},"96":{"start":{"line":316,"column":8},"end":{"line":316,"column":37}},"97":{"start":{"line":320,"column":26},"end":{"line":320,"column":65}},"98":{"start":{"line":323,"column":26},"end":{"line":326,"column":14}},"99":{"start":{"line":328,"column":23},"end":{"line":334,"column":8}},"100":{"start":{"line":329,"column":21},"end":{"line":329,"column":31}},"101":{"start":{"line":330,"column":8},"end":{"line":333,"column":10}},"102":{"start":{"line":337,"column":6},"end":{"line":341,"column":9}},"103":{"start":{"line":344,"column":30},"end":{"line":347,"column":8}},"104":{"start":{"line":350,"column":6},"end":{"line":354,"column":9}},"105":{"start":{"line":357,"column":6},"end":{"line":357,"column":41}},"106":{"start":{"line":358,"column":6},"end":{"line":358,"column":25}},"107":{"start":{"line":360,"column":6},"end":{"line":360,"column":54}},"108":{"start":{"line":361,"column":6},"end":{"line":361,"column":63}},"109":{"start":{"line":373,"column":0},"end":{"line":379,"column":2}},"110":{"start":{"line":377,"column":4},"end":{"line":377,"column":32}},"111":{"start":{"line":381,"column":0},"end":{"line":381,"column":19}}},"fnMap":{"0":{"name":"(anonymous_8)","decl":{"start":{"line":27,"column":24},"end":{"line":27,"column":null}},"loc":{"start":{"line":31,"column":4},"end":{"line":48,"column":2}}},"1":{"name":"(anonymous_9)","decl":{"start":{"line":31,"column":4},"end":{"line":31,"column":null}},"loc":{"start":{"line":31,"column":4},"end":{"line":48,"column":1}}},"2":{"name":"(anonymous_10)","decl":{"start":{"line":62,"column":2},"end":{"line":62,"column":9}},"loc":{"start":{"line":62,"column":53},"end":{"line":109,"column":null}}},"3":{"name":"(anonymous_11)","decl":{"start":{"line":62,"column":53},"end":{"line":62,"column":null}},"loc":{"start":{"line":62,"column":53},"end":{"line":109,"column":3}}},"4":{"name":"(anonymous_12)","decl":{"start":{"line":95,"column":54},"end":{"line":95,"column":55}},"loc":{"start":{"line":95,"column":62},"end":{"line":101,"column":7}}},"5":{"name":"(anonymous_13)","decl":{"start":{"line":124,"column":2},"end":{"line":124,"column":9}},"loc":{"start":{"line":124,"column":53},"end":{"line":148,"column":null}}},"6":{"name":"(anonymous_14)","decl":{"start":{"line":124,"column":53},"end":{"line":124,"column":null}},"loc":{"start":{"line":124,"column":53},"end":{"line":148,"column":3}}},"7":{"name":"(anonymous_15)","decl":{"start":{"line":164,"column":2},"end":{"line":164,"column":9}},"loc":{"start":{"line":164,"column":53},"end":{"line":190,"column":null}}},"8":{"name":"(anonymous_16)","decl":{"start":{"line":164,"column":53},"end":{"line":164,"column":null}},"loc":{"start":{"line":164,"column":53},"end":{"line":190,"column":3}}},"9":{"name":"(anonymous_17)","decl":{"start":{"line":206,"column":2},"end":{"line":206,"column":9}},"loc":{"start":{"line":206,"column":53},"end":{"line":243,"column":null}}},"10":{"name":"(anonymous_18)","decl":{"start":{"line":206,"column":53},"end":{"line":206,"column":null}},"loc":{"start":{"line":206,"column":53},"end":{"line":243,"column":3}}},"11":{"name":"(anonymous_19)","decl":{"start":{"line":229,"column":41},"end":{"line":229,"column":42}},"loc":{"start":{"line":229,"column":49},"end":{"line":235,"column":7}}},"12":{"name":"(anonymous_20)","decl":{"start":{"line":261,"column":2},"end":{"line":261,"column":9}},"loc":{"start":{"line":261,"column":53},"end":{"line":363,"column":null}}},"13":{"name":"(anonymous_21)","decl":{"start":{"line":261,"column":53},"end":{"line":261,"column":null}},"loc":{"start":{"line":261,"column":53},"end":{"line":363,"column":3}}},"14":{"name":"(anonymous_22)","decl":{"start":{"line":328,"column":44},"end":{"line":328,"column":45}},"loc":{"start":{"line":328,"column":52},"end":{"line":334,"column":7}}},"15":{"name":"(anonymous_23)","decl":{"start":{"line":376,"column":2},"end":{"line":376,"column":3}},"loc":{"start":{"line":376,"column":48},"end":{"line":378,"column":3}}}},"branchMap":{"0":{"loc":{"start":{"line":32,"column":2},"end":{"line":35,"column":3}},"type":"if","locations":[{"start":{"line":32,"column":2},"end":{"line":35,"column":3}}]},"1":{"loc":{"start":{"line":37,"column":16},"end":{"line":39,"column":31}},"type":"cond-expr","locations":[{"start":{"line":38,"column":6},"end":{"line":38,"column":40}},{"start":{"line":39,"column":6},"end":{"line":39,"column":31}}]},"2":{"loc":{"start":{"line":63,"column":19},"end":{"line":63,"column":32}},"type":"cond-expr","locations":[{"start":{"line":63,"column":27},"end":{"line":63,"column":29}},{"start":{"line":63,"column":27},"end":{"line":63,"column":32}}]},"3":{"loc":{"start":{"line":63,"column":19},"end":{"line":63,"column":29}},"type":"binary-expr","locations":[{"start":{"line":63,"column":19},"end":{"line":63,"column":29}},{"start":{"line":63,"column":27},"end":{"line":63,"column":29}}]},"4":{"loc":{"start":{"line":65,"column":4},"end":{"line":67,"column":5}},"type":"if","locations":[{"start":{"line":65,"column":4},"end":{"line":67,"column":5}}]},"5":{"loc":{"start":{"line":82,"column":6},"end":{"line":93,"column":7}},"type":"if","locations":[{"start":{"line":82,"column":6},"end":{"line":93,"column":7}}]},"6":{"loc":{"start":{"line":125,"column":19},"end":{"line":125,"column":32}},"type":"cond-expr","locations":[{"start":{"line":125,"column":27},"end":{"line":125,"column":29}},{"start":{"line":125,"column":27},"end":{"line":125,"column":32}}]},"7":{"loc":{"start":{"line":125,"column":19},"end":{"line":125,"column":29}},"type":"binary-expr","locations":[{"start":{"line":125,"column":19},"end":{"line":125,"column":29}},{"start":{"line":125,"column":27},"end":{"line":125,"column":29}}]},"8":{"loc":{"start":{"line":127,"column":4},"end":{"line":129,"column":5}},"type":"if","locations":[{"start":{"line":127,"column":4},"end":{"line":129,"column":5}}]},"9":{"loc":{"start":{"line":165,"column":19},"end":{"line":165,"column":32}},"type":"cond-expr","locations":[{"start":{"line":165,"column":27},"end":{"line":165,"column":29}},{"start":{"line":165,"column":27},"end":{"line":165,"column":32}}]},"10":{"loc":{"start":{"line":165,"column":19},"end":{"line":165,"column":29}},"type":"binary-expr","locations":[{"start":{"line":165,"column":19},"end":{"line":165,"column":29}},{"start":{"line":165,"column":27},"end":{"line":165,"column":29}}]},"11":{"loc":{"start":{"line":168,"column":4},"end":{"line":170,"column":5}},"type":"if","locations":[{"start":{"line":168,"column":4},"end":{"line":170,"column":5}}]},"12":{"loc":{"start":{"line":172,"column":4},"end":{"line":174,"column":5}},"type":"if","locations":[{"start":{"line":172,"column":4},"end":{"line":174,"column":5}}]},"13":{"loc":{"start":{"line":207,"column":19},"end":{"line":207,"column":32}},"type":"cond-expr","locations":[{"start":{"line":207,"column":27},"end":{"line":207,"column":29}},{"start":{"line":207,"column":27},"end":{"line":207,"column":32}}]},"14":{"loc":{"start":{"line":207,"column":19},"end":{"line":207,"column":29}},"type":"binary-expr","locations":[{"start":{"line":207,"column":19},"end":{"line":207,"column":29}},{"start":{"line":207,"column":27},"end":{"line":207,"column":29}}]},"15":{"loc":{"start":{"line":210,"column":4},"end":{"line":212,"column":5}},"type":"if","locations":[{"start":{"line":210,"column":4},"end":{"line":212,"column":5}}]},"16":{"loc":{"start":{"line":214,"column":4},"end":{"line":216,"column":5}},"type":"if","locations":[{"start":{"line":214,"column":4},"end":{"line":216,"column":5}}]},"17":{"loc":{"start":{"line":263,"column":19},"end":{"line":263,"column":32}},"type":"cond-expr","locations":[{"start":{"line":263,"column":27},"end":{"line":263,"column":29}},{"start":{"line":263,"column":27},"end":{"line":263,"column":32}}]},"18":{"loc":{"start":{"line":263,"column":19},"end":{"line":263,"column":29}},"type":"binary-expr","locations":[{"start":{"line":263,"column":19},"end":{"line":263,"column":29}},{"start":{"line":263,"column":27},"end":{"line":263,"column":29}}]},"19":{"loc":{"start":{"line":266,"column":4},"end":{"line":268,"column":5}},"type":"if","locations":[{"start":{"line":266,"column":4},"end":{"line":268,"column":5}}]},"20":{"loc":{"start":{"line":271,"column":4},"end":{"line":273,"column":5}},"type":"if","locations":[{"start":{"line":271,"column":4},"end":{"line":273,"column":5}}]},"21":{"loc":{"start":{"line":296,"column":6},"end":{"line":317,"column":7}},"type":"if","locations":[{"start":{"line":296,"column":6},"end":{"line":317,"column":7}}]},"22":{"loc":{"start":{"line":296,"column":10},"end":{"line":296,"column":40}},"type":"cond-expr","locations":[{"start":{"line":296,"column":33},"end":{"line":296,"column":35}},{"start":{"line":296,"column":33},"end":{"line":296,"column":40}}]},"23":{"loc":{"start":{"line":296,"column":10},"end":{"line":296,"column":35}},"type":"binary-expr","locations":[{"start":{"line":296,"column":10},"end":{"line":296,"column":35}},{"start":{"line":296,"column":33},"end":{"line":296,"column":35}}]}},"s":{"0":1,"1":1,"2":1,"3":1,"4":1,"5":1,"6":1,"7":1,"8":1,"9":2,"10":2,"11":1,"12":1,"13":1,"14":1,"15":1,"16":0,"17":1,"18":1,"19":1,"20":0,"21":0,"22":0,"23":0,"24":0,"25":0,"26":0,"27":0,"28":0,"29":0,"30":0,"31":0,"32":0,"33":0,"34":0,"35":0,"36":0,"37":1,"38":0,"39":0,"40":0,"41":0,"42":0,"43":0,"44":0,"45":0,"46":0,"47":0,"48":1,"49":0,"50":0,"51":0,"52":0,"53":0,"54":0,"55":0,"56":0,"57":0,"58":0,"59":0,"60":0,"61":0,"62":1,"63":0,"64":0,"65":0,"66":0,"67":0,"68":0,"69":0,"70":0,"71":0,"72":0,"73":0,"74":0,"75":0,"76":0,"77":0,"78":0,"79":1,"80":0,"81":0,"82":0,"83":0,"84":0,"85":0,"86":0,"87":0,"88":0,"89":0,"90":0,"91":0,"92":0,"93":0,"94":0,"95":0,"96":0,"97":0,"98":0,"99":0,"100":0,"101":0,"102":0,"103":0,"104":0,"105":0,"106":0,"107":0,"108":0,"109":1,"110":0,"111":1},"f":{"0":2,"1":2,"2":0,"3":0,"4":0,"5":0,"6":0,"7":0,"8":0,"9":0,"10":0,"11":0,"12":0,"13":0,"14":0,"15":0},"b":{"0":[1],"1":[0,1],"2":[0,0],"3":[0,0],"4":[0],"5":[0],"6":[0,0],"7":[0,0],"8":[0],"9":[0,0],"10":[0,0],"11":[0],"12":[0],"13":[0,0],"14":[0,0],"15":[0],"16":[0],"17":[0,0],"18":[0,0],"19":[0],"20":[0],"21":[0],"22":[0,0],"23":[0,0]}}
,"D:\\Code\\quantashift\\trendpulse-ai\\server\\src\\chatgpt.ts": {"path":"D:\\Code\\quantashift\\trendpulse-ai\\server\\src\\chatgpt.ts","statementMap":{"0":{"start":{"line":1,"column":0},"end":{"line":1,"column":28}},"1":{"start":{"line":2,"column":0},"end":{"line":2,"column":28}},"2":{"start":{"line":7,"column":0},"end":{"line":7,"column":16}},"3":{"start":{"line":9,"column":16},"end":{"line":11,"column":2}},"4":{"start":{"line":14,"column":27},"end":{"line":27,"column":2}},"5":{"start":{"line":16,"column":28},"end":{"line":27,"column":2}},"6":{"start":{"line":17,"column":2},"end":{"line":26,"column":3}},"7":{"start":{"line":18,"column":21},"end":{"line":21,"column":6}},"8":{"start":{"line":22,"column":4},"end":{"line":22,"column":47}},"9":{"start":{"line":24,"column":4},"end":{"line":24,"column":55}},"10":{"start":{"line":25,"column":4},"end":{"line":25,"column":59}},"11":{"start":{"line":29,"column":9},"end":{"line":29,"column":27}}},"fnMap":{"0":{"name":"(anonymous_8)","decl":{"start":{"line":14,"column":27},"end":{"line":14,"column":null}},"loc":{"start":{"line":16,"column":28},"end":{"line":27,"column":2}}},"1":{"name":"(anonymous_9)","decl":{"start":{"line":16,"column":28},"end":{"line":16,"column":null}},"loc":{"start":{"line":16,"column":28},"end":{"line":27,"column":1}}}},"branchMap":{"0":{"loc":{"start":{"line":10,"column":10},"end":{"line":10,"column":42}},"type":"binary-expr","locations":[{"start":{"line":10,"column":10},"end":{"line":10,"column":36}},{"start":{"line":10,"column":40},"end":{"line":10,"column":42}}]}},"s":{"0":1,"1":1,"2":1,"3":1,"4":1,"5":0,"6":0,"7":0,"8":0,"9":0,"10":0,"11":1},"f":{"0":0,"1":0},"b":{"0":[1,0]}}
,"D:\\Code\\quantashift\\trendpulse-ai\\server\\src\\firebase.ts": {"path":"D:\\Code\\quantashift\\trendpulse-ai\\server\\src\\firebase.ts","statementMap":{"0":{"start":{"line":1,"column":0},"end":{"line":1,"column":45}},"1":{"start":{"line":2,"column":0},"end":{"line":2,"column":7}},"2":{"start":{"line":12,"column":9},"end":{"line":2,"column":35}},"3":{"start":{"line":4,"column":23},"end":{"line":4,"column":54}},"4":{"start":{"line":6,"column":0},"end":{"line":8,"column":3}},"5":{"start":{"line":10,"column":18},"end":{"line":10,"column":35}},"6":{"start":{"line":12,"column":16},"end":{"line":12,"column":25}}},"fnMap":{},"branchMap":{},"s":{"0":1,"1":1,"2":1,"3":1,"4":1,"5":1,"6":1},"f":{},"b":{}}
}
