TN:
SF:src\app.ts
FN:27,(anonymous_8)
FN:31,(anonymous_9)
FN:62,(anonymous_10)
FN:62,(anonymous_11)
FN:95,(anonymous_12)
FN:124,(anonymous_13)
FN:124,(anonymous_14)
FN:164,(anonymous_15)
FN:164,(anonymous_16)
FN:206,(anonymous_17)
FN:206,(anonymous_18)
FN:229,(anonymous_19)
FN:261,(anonymous_20)
FN:261,(anonymous_21)
FN:328,(anonymous_22)
FN:376,(anonymous_23)
FNF:16
FNH:6
FNDA:5,(anonymous_8)
FNDA:5,(anonymous_9)
FNDA:1,(anonymous_10)
FNDA:1,(anonymous_11)
FNDA:2,(anonymous_12)
FNDA:0,(anonymous_13)
FNDA:0,(anonymous_14)
FNDA:0,(anonymous_15)
FNDA:0,(anonymous_16)
FNDA:0,(anonymous_17)
FNDA:0,(anonymous_18)
FNDA:0,(anonymous_19)
FNDA:0,(anonymous_20)
FNDA:0,(anonymous_21)
FNDA:0,(anonymous_22)
FNDA:1,(anonymous_23)
DA:1,1
DA:2,1
DA:3,1
DA:4,1
DA:5,1
DA:7,1
DA:9,1
DA:15,1
DA:27,1
DA:31,5
DA:32,5
DA:33,2
DA:34,2
DA:37,3
DA:41,3
DA:42,3
DA:43,2
DA:45,1
DA:46,1
DA:59,1
DA:62,1
DA:63,1
DA:65,1
DA:66,0
DA:69,1
DA:71,1
DA:77,1
DA:82,1
DA:84,0
DA:86,0
DA:90,0
DA:95,1
DA:96,2
DA:97,2
DA:104,1
DA:106,0
DA:107,0
DA:121,1
DA:124,0
DA:125,0
DA:127,0
DA:128,0
DA:131,0
DA:133,0
DA:135,0
DA:143,0
DA:145,0
DA:146,0
DA:161,1
DA:164,0
DA:165,0
DA:166,0
DA:168,0
DA:169,0
DA:172,0
DA:173,0
DA:176,0
DA:178,0
DA:184,0
DA:185,0
DA:187,0
DA:188,0
DA:203,1
DA:206,0
DA:207,0
DA:208,0
DA:210,0
DA:211,0
DA:214,0
DA:215,0
DA:218,0
DA:220,0
DA:228,0
DA:229,0
DA:230,0
DA:231,0
DA:238,0
DA:240,0
DA:241,0
DA:258,1
DA:261,0
DA:262,0
DA:263,0
DA:264,0
DA:266,0
DA:267,0
DA:271,0
DA:272,0
DA:275,0
DA:281,0
DA:286,0
DA:293,0
DA:296,0
DA:297,0
DA:308,0
DA:315,0
DA:316,0
DA:320,0
DA:323,0
DA:328,0
DA:329,0
DA:330,0
DA:337,0
DA:344,0
DA:350,0
DA:357,0
DA:358,0
DA:360,0
DA:361,0
DA:373,1
DA:377,1
DA:381,1
LF:112
LH:38
BRDA:32,0,0,2
BRDA:37,1,0,0
BRDA:37,1,1,3
BRDA:63,2,0,0
BRDA:63,2,1,1
BRDA:63,3,0,1
BRDA:63,3,1,1
BRDA:65,4,0,0
BRDA:82,5,0,0
BRDA:125,6,0,0
BRDA:125,6,1,0
BRDA:125,7,0,0
BRDA:125,7,1,0
BRDA:127,8,0,0
BRDA:165,9,0,0
BRDA:165,9,1,0
BRDA:165,10,0,0
BRDA:165,10,1,0
BRDA:168,11,0,0
BRDA:172,12,0,0
BRDA:207,13,0,0
BRDA:207,13,1,0
BRDA:207,14,0,0
BRDA:207,14,1,0
BRDA:210,15,0,0
BRDA:214,16,0,0
BRDA:263,17,0,0
BRDA:263,17,1,0
BRDA:263,18,0,0
BRDA:263,18,1,0
BRDA:266,19,0,0
BRDA:271,20,0,0
BRDA:296,21,0,0
BRDA:296,22,0,0
BRDA:296,22,1,0
BRDA:296,23,0,0
BRDA:296,23,1,0
BRF:37
BRH:5
end_of_record
TN:
SF:src\chatgpt.ts
FN:14,(anonymous_8)
FN:16,(anonymous_9)
FNF:2
FNH:0
FNDA:0,(anonymous_8)
FNDA:0,(anonymous_9)
DA:1,1
DA:2,1
DA:7,1
DA:9,1
DA:14,1
DA:16,0
DA:17,0
DA:18,0
DA:22,0
DA:24,0
DA:25,0
DA:29,1
LF:12
LH:6
BRDA:10,0,0,1
BRDA:10,0,1,0
BRF:2
BRH:1
end_of_record
TN:
SF:src\firebase.ts
FNF:0
FNH:0
DA:1,1
DA:2,1
DA:4,1
DA:6,1
DA:10,1
DA:12,1
LF:6
LH:6
BRF:0
BRH:0
end_of_record
